[2021-12-30 14:56:09] local.ERROR: SQLSTATE[42000]: Syntax error or access violation: 1071 Specified key was too long; max key length is 1000 bytes (SQL: alter table `users` add unique `users_email_unique`(`email`)) {"exception":"[object] (Illuminate\\Database\\QueryException(code: 42000): SQLSTATE[42000]: Syntax error or access violation: 1071 Specified key was too long; max key length is 1000 bytes (SQL: alter table `users` add unique `users_email_unique`(`email`)) at /home/heydev/public_html/dev/app/vendor/laravel/framework/src/Illuminate/Database/Connection.php:703)
[stacktrace]
#0 /home/heydev/public_html/dev/app/vendor/laravel/framework/src/Illuminate/Database/Connection.php(663): Illuminate\\Database\\Connection->runQueryCallback()
#1 /home/heydev/public_html/dev/app/vendor/laravel/framework/src/Illuminate/Database/Connection.php(493): Illuminate\\Database\\Connection->run()
#2 /home/heydev/public_html/dev/app/vendor/laravel/framework/src/Illuminate/Database/Schema/Blueprint.php(109): Illuminate\\Database\\Connection->statement()
#3 /home/heydev/public_html/dev/app/vendor/laravel/framework/src/Illuminate/Database/Schema/Builder.php(365): Illuminate\\Database\\Schema\\Blueprint->build()
#4 /home/heydev/public_html/dev/app/vendor/laravel/framework/src/Illuminate/Database/Schema/Builder.php(228): Illuminate\\Database\\Schema\\Builder->build()
#5 /home/heydev/public_html/dev/app/vendor/laravel/framework/src/Illuminate/Support/Facades/Facade.php(261): Illuminate\\Database\\Schema\\Builder->create()
#6 /home/heydev/public_html/dev/app/database/migrations/2014_10_12_000000_create_users_table.php(24): Illuminate\\Support\\Facades\\Facade::__callStatic()
#7 /home/heydev/public_html/dev/app/vendor/laravel/framework/src/Illuminate/Database/Migrations/Migrator.php(394): CreateUsersTable->up()
#8 /home/heydev/public_html/dev/app/vendor/laravel/framework/src/Illuminate/Database/Migrations/Migrator.php(403): Illuminate\\Database\\Migrations\\Migrator->Illuminate\\Database\\Migrations\\{closure}()
#9 /home/heydev/public_html/dev/app/vendor/laravel/framework/src/Illuminate/Database/Migrations/Migrator.php(202): Illuminate\\Database\\Migrations\\Migrator->runMigration()
#10 /home/heydev/public_html/dev/app/vendor/laravel/framework/src/Illuminate/Database/Migrations/Migrator.php(167): Illuminate\\Database\\Migrations\\Migrator->runUp()
#11 /home/heydev/public_html/dev/app/vendor/laravel/framework/src/Illuminate/Database/Migrations/Migrator.php(112): Illuminate\\Database\\Migrations\\Migrator->runPending()
#12 /home/heydev/public_html/dev/app/vendor/laravel/framework/src/Illuminate/Database/Console/Migrations/MigrateCommand.php(85): Illuminate\\Database\\Migrations\\Migrator->run()
#13 /home/heydev/public_html/dev/app/vendor/laravel/framework/src/Illuminate/Database/Migrations/Migrator.php(585): Illuminate\\Database\\Console\\Migrations\\MigrateCommand->Illuminate\\Database\\Console\\Migrations\\{closure}()
#14 /home/heydev/public_html/dev/app/vendor/laravel/framework/src/Illuminate/Database/Console/Migrations/MigrateCommand.php(94): Illuminate\\Database\\Migrations\\Migrator->usingConnection()
#15 /home/heydev/public_html/dev/app/vendor/laravel/framework/src/Illuminate/Container/BoundMethod.php(36): Illuminate\\Database\\Console\\Migrations\\MigrateCommand->handle()
#16 /home/heydev/public_html/dev/app/vendor/laravel/framework/src/Illuminate/Container/Util.php(40): Illuminate\\Container\\BoundMethod::Illuminate\\Container\\{closure}()
#17 /home/heydev/public_html/dev/app/vendor/laravel/framework/src/Illuminate/Container/BoundMethod.php(93): Illuminate\\Container\\Util::unwrapIfClosure()
#18 /home/heydev/public_html/dev/app/vendor/laravel/framework/src/Illuminate/Container/BoundMethod.php(37): Illuminate\\Container\\BoundMethod::callBoundMethod()
#19 /home/heydev/public_html/dev/app/vendor/laravel/framework/src/Illuminate/Container/Container.php(653): Illuminate\\Container\\BoundMethod::call()
#20 /home/heydev/public_html/dev/app/vendor/laravel/framework/src/Illuminate/Console/Command.php(136): Illuminate\\Container\\Container->call()
#21 /home/heydev/public_html/dev/app/vendor/symfony/console/Command/Command.php(298): Illuminate\\Console\\Command->execute()
#22 /home/heydev/public_html/dev/app/vendor/laravel/framework/src/Illuminate/Console/Command.php(121): Symfony\\Component\\Console\\Command\\Command->run()
#23 /home/heydev/public_html/dev/app/vendor/symfony/console/Application.php(1005): Illuminate\\Console\\Command->run()
#24 /home/heydev/public_html/dev/app/vendor/symfony/console/Application.php(299): Symfony\\Component\\Console\\Application->doRunCommand()
#25 /home/heydev/public_html/dev/app/vendor/symfony/console/Application.php(171): Symfony\\Component\\Console\\Application->doRun()
#26 /home/heydev/public_html/dev/app/vendor/laravel/framework/src/Illuminate/Console/Application.php(94): Symfony\\Component\\Console\\Application->run()
#27 /home/heydev/public_html/dev/app/vendor/laravel/framework/src/Illuminate/Foundation/Console/Kernel.php(129): Illuminate\\Console\\Application->run()
#28 /home/heydev/public_html/dev/app/artisan(37): Illuminate\\Foundation\\Console\\Kernel->handle()
#29 {main}

[previous exception] [object] (PDOException(code: 42000): SQLSTATE[42000]: Syntax error or access violation: 1071 Specified key was too long; max key length is 1000 bytes at /home/heydev/public_html/dev/app/vendor/laravel/framework/src/Illuminate/Database/Connection.php:492)
[stacktrace]
#0 /home/heydev/public_html/dev/app/vendor/laravel/framework/src/Illuminate/Database/Connection.php(492): PDOStatement->execute()
#1 /home/heydev/public_html/dev/app/vendor/laravel/framework/src/Illuminate/Database/Connection.php(696): Illuminate\\Database\\Connection->Illuminate\\Database\\{closure}()
#2 /home/heydev/public_html/dev/app/vendor/laravel/framework/src/Illuminate/Database/Connection.php(663): Illuminate\\Database\\Connection->runQueryCallback()
#3 /home/heydev/public_html/dev/app/vendor/laravel/framework/src/Illuminate/Database/Connection.php(493): Illuminate\\Database\\Connection->run()
#4 /home/heydev/public_html/dev/app/vendor/laravel/framework/src/Illuminate/Database/Schema/Blueprint.php(109): Illuminate\\Database\\Connection->statement()
#5 /home/heydev/public_html/dev/app/vendor/laravel/framework/src/Illuminate/Database/Schema/Builder.php(365): Illuminate\\Database\\Schema\\Blueprint->build()
#6 /home/heydev/public_html/dev/app/vendor/laravel/framework/src/Illuminate/Database/Schema/Builder.php(228): Illuminate\\Database\\Schema\\Builder->build()
#7 /home/heydev/public_html/dev/app/vendor/laravel/framework/src/Illuminate/Support/Facades/Facade.php(261): Illuminate\\Database\\Schema\\Builder->create()
#8 /home/heydev/public_html/dev/app/database/migrations/2014_10_12_000000_create_users_table.php(24): Illuminate\\Support\\Facades\\Facade::__callStatic()
#9 /home/heydev/public_html/dev/app/vendor/laravel/framework/src/Illuminate/Database/Migrations/Migrator.php(394): CreateUsersTable->up()
#10 /home/heydev/public_html/dev/app/vendor/laravel/framework/src/Illuminate/Database/Migrations/Migrator.php(403): Illuminate\\Database\\Migrations\\Migrator->Illuminate\\Database\\Migrations\\{closure}()
#11 /home/heydev/public_html/dev/app/vendor/laravel/framework/src/Illuminate/Database/Migrations/Migrator.php(202): Illuminate\\Database\\Migrations\\Migrator->runMigration()
#12 /home/heydev/public_html/dev/app/vendor/laravel/framework/src/Illuminate/Database/Migrations/Migrator.php(167): Illuminate\\Database\\Migrations\\Migrator->runUp()
#13 /home/heydev/public_html/dev/app/vendor/laravel/framework/src/Illuminate/Database/Migrations/Migrator.php(112): Illuminate\\Database\\Migrations\\Migrator->runPending()
#14 /home/heydev/public_html/dev/app/vendor/laravel/framework/src/Illuminate/Database/Console/Migrations/MigrateCommand.php(85): Illuminate\\Database\\Migrations\\Migrator->run()
#15 /home/heydev/public_html/dev/app/vendor/laravel/framework/src/Illuminate/Database/Migrations/Migrator.php(585): Illuminate\\Database\\Console\\Migrations\\MigrateCommand->Illuminate\\Database\\Console\\Migrations\\{closure}()
#16 /home/heydev/public_html/dev/app/vendor/laravel/framework/src/Illuminate/Database/Console/Migrations/MigrateCommand.php(94): Illuminate\\Database\\Migrations\\Migrator->usingConnection()
#17 /home/heydev/public_html/dev/app/vendor/laravel/framework/src/Illuminate/Container/BoundMethod.php(36): Illuminate\\Database\\Console\\Migrations\\MigrateCommand->handle()
#18 /home/heydev/public_html/dev/app/vendor/laravel/framework/src/Illuminate/Container/Util.php(40): Illuminate\\Container\\BoundMethod::Illuminate\\Container\\{closure}()
#19 /home/heydev/public_html/dev/app/vendor/laravel/framework/src/Illuminate/Container/BoundMethod.php(93): Illuminate\\Container\\Util::unwrapIfClosure()
#20 /home/heydev/public_html/dev/app/vendor/laravel/framework/src/Illuminate/Container/BoundMethod.php(37): Illuminate\\Container\\BoundMethod::callBoundMethod()
#21 /home/heydev/public_html/dev/app/vendor/laravel/framework/src/Illuminate/Container/Container.php(653): Illuminate\\Container\\BoundMethod::call()
#22 /home/heydev/public_html/dev/app/vendor/laravel/framework/src/Illuminate/Console/Command.php(136): Illuminate\\Container\\Container->call()
#23 /home/heydev/public_html/dev/app/vendor/symfony/console/Command/Command.php(298): Illuminate\\Console\\Command->execute()
#24 /home/heydev/public_html/dev/app/vendor/laravel/framework/src/Illuminate/Console/Command.php(121): Symfony\\Component\\Console\\Command\\Command->run()
#25 /home/heydev/public_html/dev/app/vendor/symfony/console/Application.php(1005): Illuminate\\Console\\Command->run()
#26 /home/heydev/public_html/dev/app/vendor/symfony/console/Application.php(299): Symfony\\Component\\Console\\Application->doRunCommand()
#27 /home/heydev/public_html/dev/app/vendor/symfony/console/Application.php(171): Symfony\\Component\\Console\\Application->doRun()
#28 /home/heydev/public_html/dev/app/vendor/laravel/framework/src/Illuminate/Console/Application.php(94): Symfony\\Component\\Console\\Application->run()
#29 /home/heydev/public_html/dev/app/vendor/laravel/framework/src/Illuminate/Foundation/Console/Kernel.php(129): Illuminate\\Console\\Application->run()
#30 /home/heydev/public_html/dev/app/artisan(37): Illuminate\\Foundation\\Console\\Kernel->handle()
#31 {main}
"} 
[2021-12-30 14:57:23] local.ERROR: SQLSTATE[42S01]: Base table or view already exists: 1050 Table 'users' already exists (SQL: create table `users` (`id` bigint unsigned not null auto_increment primary key, `name` varchar(191) not null, `email` varchar(191) not null, `email_verified_at` timestamp null, `password` varchar(191) not null, `remember_token` varchar(100) null, `created_at` timestamp null, `updated_at` timestamp null) default character set utf8mb4 collate 'utf8mb4_unicode_ci') {"exception":"[object] (Illuminate\\Database\\QueryException(code: 42S01): SQLSTATE[42S01]: Base table or view already exists: 1050 Table 'users' already exists (SQL: create table `users` (`id` bigint unsigned not null auto_increment primary key, `name` varchar(191) not null, `email` varchar(191) not null, `email_verified_at` timestamp null, `password` varchar(191) not null, `remember_token` varchar(100) null, `created_at` timestamp null, `updated_at` timestamp null) default character set utf8mb4 collate 'utf8mb4_unicode_ci') at /home/heydev/public_html/dev/app/vendor/laravel/framework/src/Illuminate/Database/Connection.php:703)
[stacktrace]
#0 /home/heydev/public_html/dev/app/vendor/laravel/framework/src/Illuminate/Database/Connection.php(663): Illuminate\\Database\\Connection->runQueryCallback()
#1 /home/heydev/public_html/dev/app/vendor/laravel/framework/src/Illuminate/Database/Connection.php(493): Illuminate\\Database\\Connection->run()
#2 /home/heydev/public_html/dev/app/vendor/laravel/framework/src/Illuminate/Database/Schema/Blueprint.php(109): Illuminate\\Database\\Connection->statement()
#3 /home/heydev/public_html/dev/app/vendor/laravel/framework/src/Illuminate/Database/Schema/Builder.php(365): Illuminate\\Database\\Schema\\Blueprint->build()
#4 /home/heydev/public_html/dev/app/vendor/laravel/framework/src/Illuminate/Database/Schema/Builder.php(228): Illuminate\\Database\\Schema\\Builder->build()
#5 /home/heydev/public_html/dev/app/vendor/laravel/framework/src/Illuminate/Support/Facades/Facade.php(261): Illuminate\\Database\\Schema\\Builder->create()
#6 /home/heydev/public_html/dev/app/database/migrations/2014_10_12_000000_create_users_table.php(24): Illuminate\\Support\\Facades\\Facade::__callStatic()
#7 /home/heydev/public_html/dev/app/vendor/laravel/framework/src/Illuminate/Database/Migrations/Migrator.php(394): CreateUsersTable->up()
#8 /home/heydev/public_html/dev/app/vendor/laravel/framework/src/Illuminate/Database/Migrations/Migrator.php(403): Illuminate\\Database\\Migrations\\Migrator->Illuminate\\Database\\Migrations\\{closure}()
#9 /home/heydev/public_html/dev/app/vendor/laravel/framework/src/Illuminate/Database/Migrations/Migrator.php(202): Illuminate\\Database\\Migrations\\Migrator->runMigration()
#10 /home/heydev/public_html/dev/app/vendor/laravel/framework/src/Illuminate/Database/Migrations/Migrator.php(167): Illuminate\\Database\\Migrations\\Migrator->runUp()
#11 /home/heydev/public_html/dev/app/vendor/laravel/framework/src/Illuminate/Database/Migrations/Migrator.php(112): Illuminate\\Database\\Migrations\\Migrator->runPending()
#12 /home/heydev/public_html/dev/app/vendor/laravel/framework/src/Illuminate/Database/Console/Migrations/MigrateCommand.php(85): Illuminate\\Database\\Migrations\\Migrator->run()
#13 /home/heydev/public_html/dev/app/vendor/laravel/framework/src/Illuminate/Database/Migrations/Migrator.php(585): Illuminate\\Database\\Console\\Migrations\\MigrateCommand->Illuminate\\Database\\Console\\Migrations\\{closure}()
#14 /home/heydev/public_html/dev/app/vendor/laravel/framework/src/Illuminate/Database/Console/Migrations/MigrateCommand.php(94): Illuminate\\Database\\Migrations\\Migrator->usingConnection()
#15 /home/heydev/public_html/dev/app/vendor/laravel/framework/src/Illuminate/Container/BoundMethod.php(36): Illuminate\\Database\\Console\\Migrations\\MigrateCommand->handle()
#16 /home/heydev/public_html/dev/app/vendor/laravel/framework/src/Illuminate/Container/Util.php(40): Illuminate\\Container\\BoundMethod::Illuminate\\Container\\{closure}()
#17 /home/heydev/public_html/dev/app/vendor/laravel/framework/src/Illuminate/Container/BoundMethod.php(93): Illuminate\\Container\\Util::unwrapIfClosure()
#18 /home/heydev/public_html/dev/app/vendor/laravel/framework/src/Illuminate/Container/BoundMethod.php(37): Illuminate\\Container\\BoundMethod::callBoundMethod()
#19 /home/heydev/public_html/dev/app/vendor/laravel/framework/src/Illuminate/Container/Container.php(653): Illuminate\\Container\\BoundMethod::call()
#20 /home/heydev/public_html/dev/app/vendor/laravel/framework/src/Illuminate/Console/Command.php(136): Illuminate\\Container\\Container->call()
#21 /home/heydev/public_html/dev/app/vendor/symfony/console/Command/Command.php(298): Illuminate\\Console\\Command->execute()
#22 /home/heydev/public_html/dev/app/vendor/laravel/framework/src/Illuminate/Console/Command.php(121): Symfony\\Component\\Console\\Command\\Command->run()
#23 /home/heydev/public_html/dev/app/vendor/symfony/console/Application.php(1005): Illuminate\\Console\\Command->run()
#24 /home/heydev/public_html/dev/app/vendor/symfony/console/Application.php(299): Symfony\\Component\\Console\\Application->doRunCommand()
#25 /home/heydev/public_html/dev/app/vendor/symfony/console/Application.php(171): Symfony\\Component\\Console\\Application->doRun()
#26 /home/heydev/public_html/dev/app/vendor/laravel/framework/src/Illuminate/Console/Application.php(94): Symfony\\Component\\Console\\Application->run()
#27 /home/heydev/public_html/dev/app/vendor/laravel/framework/src/Illuminate/Foundation/Console/Kernel.php(129): Illuminate\\Console\\Application->run()
#28 /home/heydev/public_html/dev/app/artisan(37): Illuminate\\Foundation\\Console\\Kernel->handle()
#29 {main}

[previous exception] [object] (PDOException(code: 42S01): SQLSTATE[42S01]: Base table or view already exists: 1050 Table 'users' already exists at /home/heydev/public_html/dev/app/vendor/laravel/framework/src/Illuminate/Database/Connection.php:492)
[stacktrace]
#0 /home/heydev/public_html/dev/app/vendor/laravel/framework/src/Illuminate/Database/Connection.php(492): PDOStatement->execute()
#1 /home/heydev/public_html/dev/app/vendor/laravel/framework/src/Illuminate/Database/Connection.php(696): Illuminate\\Database\\Connection->Illuminate\\Database\\{closure}()
#2 /home/heydev/public_html/dev/app/vendor/laravel/framework/src/Illuminate/Database/Connection.php(663): Illuminate\\Database\\Connection->runQueryCallback()
#3 /home/heydev/public_html/dev/app/vendor/laravel/framework/src/Illuminate/Database/Connection.php(493): Illuminate\\Database\\Connection->run()
#4 /home/heydev/public_html/dev/app/vendor/laravel/framework/src/Illuminate/Database/Schema/Blueprint.php(109): Illuminate\\Database\\Connection->statement()
#5 /home/heydev/public_html/dev/app/vendor/laravel/framework/src/Illuminate/Database/Schema/Builder.php(365): Illuminate\\Database\\Schema\\Blueprint->build()
#6 /home/heydev/public_html/dev/app/vendor/laravel/framework/src/Illuminate/Database/Schema/Builder.php(228): Illuminate\\Database\\Schema\\Builder->build()
#7 /home/heydev/public_html/dev/app/vendor/laravel/framework/src/Illuminate/Support/Facades/Facade.php(261): Illuminate\\Database\\Schema\\Builder->create()
#8 /home/heydev/public_html/dev/app/database/migrations/2014_10_12_000000_create_users_table.php(24): Illuminate\\Support\\Facades\\Facade::__callStatic()
#9 /home/heydev/public_html/dev/app/vendor/laravel/framework/src/Illuminate/Database/Migrations/Migrator.php(394): CreateUsersTable->up()
#10 /home/heydev/public_html/dev/app/vendor/laravel/framework/src/Illuminate/Database/Migrations/Migrator.php(403): Illuminate\\Database\\Migrations\\Migrator->Illuminate\\Database\\Migrations\\{closure}()
#11 /home/heydev/public_html/dev/app/vendor/laravel/framework/src/Illuminate/Database/Migrations/Migrator.php(202): Illuminate\\Database\\Migrations\\Migrator->runMigration()
#12 /home/heydev/public_html/dev/app/vendor/laravel/framework/src/Illuminate/Database/Migrations/Migrator.php(167): Illuminate\\Database\\Migrations\\Migrator->runUp()
#13 /home/heydev/public_html/dev/app/vendor/laravel/framework/src/Illuminate/Database/Migrations/Migrator.php(112): Illuminate\\Database\\Migrations\\Migrator->runPending()
#14 /home/heydev/public_html/dev/app/vendor/laravel/framework/src/Illuminate/Database/Console/Migrations/MigrateCommand.php(85): Illuminate\\Database\\Migrations\\Migrator->run()
#15 /home/heydev/public_html/dev/app/vendor/laravel/framework/src/Illuminate/Database/Migrations/Migrator.php(585): Illuminate\\Database\\Console\\Migrations\\MigrateCommand->Illuminate\\Database\\Console\\Migrations\\{closure}()
#16 /home/heydev/public_html/dev/app/vendor/laravel/framework/src/Illuminate/Database/Console/Migrations/MigrateCommand.php(94): Illuminate\\Database\\Migrations\\Migrator->usingConnection()
#17 /home/heydev/public_html/dev/app/vendor/laravel/framework/src/Illuminate/Container/BoundMethod.php(36): Illuminate\\Database\\Console\\Migrations\\MigrateCommand->handle()
#18 /home/heydev/public_html/dev/app/vendor/laravel/framework/src/Illuminate/Container/Util.php(40): Illuminate\\Container\\BoundMethod::Illuminate\\Container\\{closure}()
#19 /home/heydev/public_html/dev/app/vendor/laravel/framework/src/Illuminate/Container/BoundMethod.php(93): Illuminate\\Container\\Util::unwrapIfClosure()
#20 /home/heydev/public_html/dev/app/vendor/laravel/framework/src/Illuminate/Container/BoundMethod.php(37): Illuminate\\Container\\BoundMethod::callBoundMethod()
#21 /home/heydev/public_html/dev/app/vendor/laravel/framework/src/Illuminate/Container/Container.php(653): Illuminate\\Container\\BoundMethod::call()
#22 /home/heydev/public_html/dev/app/vendor/laravel/framework/src/Illuminate/Console/Command.php(136): Illuminate\\Container\\Container->call()
#23 /home/heydev/public_html/dev/app/vendor/symfony/console/Command/Command.php(298): Illuminate\\Console\\Command->execute()
#24 /home/heydev/public_html/dev/app/vendor/laravel/framework/src/Illuminate/Console/Command.php(121): Symfony\\Component\\Console\\Command\\Command->run()
#25 /home/heydev/public_html/dev/app/vendor/symfony/console/Application.php(1005): Illuminate\\Console\\Command->run()
#26 /home/heydev/public_html/dev/app/vendor/symfony/console/Application.php(299): Symfony\\Component\\Console\\Application->doRunCommand()
#27 /home/heydev/public_html/dev/app/vendor/symfony/console/Application.php(171): Symfony\\Component\\Console\\Application->doRun()
#28 /home/heydev/public_html/dev/app/vendor/laravel/framework/src/Illuminate/Console/Application.php(94): Symfony\\Component\\Console\\Application->run()
#29 /home/heydev/public_html/dev/app/vendor/laravel/framework/src/Illuminate/Foundation/Console/Kernel.php(129): Illuminate\\Console\\Application->run()
#30 /home/heydev/public_html/dev/app/artisan(37): Illuminate\\Foundation\\Console\\Kernel->handle()
#31 {main}
"} 
[2021-12-31 14:41:19] local.ERROR: The "-m" option does not exist. {"exception":"[object] (Symfony\\Component\\Console\\Exception\\RuntimeException(code: 0): The \"-m\" option does not exist. at /Users/prasun/Desktop/UpWorks/Inspection/vendor/symfony/console/Input/ArgvInput.php:205)
[stacktrace]
#0 /Users/prasun/Desktop/UpWorks/Inspection/vendor/symfony/console/Input/ArgvInput.php(107): Symfony\\Component\\Console\\Input\\ArgvInput->addShortOption('m', NULL)
#1 /Users/prasun/Desktop/UpWorks/Inspection/vendor/symfony/console/Input/ArgvInput.php(84): Symfony\\Component\\Console\\Input\\ArgvInput->parseShortOption('-m')
#2 /Users/prasun/Desktop/UpWorks/Inspection/vendor/symfony/console/Input/ArgvInput.php(71): Symfony\\Component\\Console\\Input\\ArgvInput->parseToken('-m', true)
#3 /Users/prasun/Desktop/UpWorks/Inspection/vendor/symfony/console/Input/Input.php(55): Symfony\\Component\\Console\\Input\\ArgvInput->parse()
#4 /Users/prasun/Desktop/UpWorks/Inspection/vendor/symfony/console/Command/Command.php(257): Symfony\\Component\\Console\\Input\\Input->bind(Object(Symfony\\Component\\Console\\Input\\InputDefinition))
#5 /Users/prasun/Desktop/UpWorks/Inspection/vendor/laravel/framework/src/Illuminate/Console/Command.php(121): Symfony\\Component\\Console\\Command\\Command->run(Object(Symfony\\Component\\Console\\Input\\ArgvInput), Object(Illuminate\\Console\\OutputStyle))
#6 /Users/prasun/Desktop/UpWorks/Inspection/vendor/symfony/console/Application.php(1005): Illuminate\\Console\\Command->run(Object(Symfony\\Component\\Console\\Input\\ArgvInput), Object(Symfony\\Component\\Console\\Output\\ConsoleOutput))
#7 /Users/prasun/Desktop/UpWorks/Inspection/vendor/symfony/console/Application.php(299): Symfony\\Component\\Console\\Application->doRunCommand(Object(Illuminate\\Database\\Console\\Migrations\\MigrateMakeCommand), Object(Symfony\\Component\\Console\\Input\\ArgvInput), Object(Symfony\\Component\\Console\\Output\\ConsoleOutput))
#8 /Users/prasun/Desktop/UpWorks/Inspection/vendor/symfony/console/Application.php(171): Symfony\\Component\\Console\\Application->doRun(Object(Symfony\\Component\\Console\\Input\\ArgvInput), Object(Symfony\\Component\\Console\\Output\\ConsoleOutput))
#9 /Users/prasun/Desktop/UpWorks/Inspection/vendor/laravel/framework/src/Illuminate/Console/Application.php(94): Symfony\\Component\\Console\\Application->run(Object(Symfony\\Component\\Console\\Input\\ArgvInput), Object(Symfony\\Component\\Console\\Output\\ConsoleOutput))
#10 /Users/prasun/Desktop/UpWorks/Inspection/vendor/laravel/framework/src/Illuminate/Foundation/Console/Kernel.php(129): Illuminate\\Console\\Application->run(Object(Symfony\\Component\\Console\\Input\\ArgvInput), Object(Symfony\\Component\\Console\\Output\\ConsoleOutput))
#11 /Users/prasun/Desktop/UpWorks/Inspection/artisan(37): Illuminate\\Foundation\\Console\\Kernel->handle(Object(Symfony\\Component\\Console\\Input\\ArgvInput), Object(Symfony\\Component\\Console\\Output\\ConsoleOutput))
#12 {main}
"} 
[2021-12-31 14:41:39] local.ERROR: The "-m" option does not exist. {"exception":"[object] (Symfony\\Component\\Console\\Exception\\RuntimeException(code: 0): The \"-m\" option does not exist. at /Users/prasun/Desktop/UpWorks/Inspection/vendor/symfony/console/Input/ArgvInput.php:205)
[stacktrace]
#0 /Users/prasun/Desktop/UpWorks/Inspection/vendor/symfony/console/Input/ArgvInput.php(107): Symfony\\Component\\Console\\Input\\ArgvInput->addShortOption('m', NULL)
#1 /Users/prasun/Desktop/UpWorks/Inspection/vendor/symfony/console/Input/ArgvInput.php(84): Symfony\\Component\\Console\\Input\\ArgvInput->parseShortOption('-m')
#2 /Users/prasun/Desktop/UpWorks/Inspection/vendor/symfony/console/Input/ArgvInput.php(71): Symfony\\Component\\Console\\Input\\ArgvInput->parseToken('-m', true)
#3 /Users/prasun/Desktop/UpWorks/Inspection/vendor/symfony/console/Input/Input.php(55): Symfony\\Component\\Console\\Input\\ArgvInput->parse()
#4 /Users/prasun/Desktop/UpWorks/Inspection/vendor/symfony/console/Command/Command.php(257): Symfony\\Component\\Console\\Input\\Input->bind(Object(Symfony\\Component\\Console\\Input\\InputDefinition))
#5 /Users/prasun/Desktop/UpWorks/Inspection/vendor/laravel/framework/src/Illuminate/Console/Command.php(121): Symfony\\Component\\Console\\Command\\Command->run(Object(Symfony\\Component\\Console\\Input\\ArgvInput), Object(Illuminate\\Console\\OutputStyle))
#6 /Users/prasun/Desktop/UpWorks/Inspection/vendor/symfony/console/Application.php(1005): Illuminate\\Console\\Command->run(Object(Symfony\\Component\\Console\\Input\\ArgvInput), Object(Symfony\\Component\\Console\\Output\\ConsoleOutput))
#7 /Users/prasun/Desktop/UpWorks/Inspection/vendor/symfony/console/Application.php(299): Symfony\\Component\\Console\\Application->doRunCommand(Object(Illuminate\\Database\\Console\\Migrations\\MigrateMakeCommand), Object(Symfony\\Component\\Console\\Input\\ArgvInput), Object(Symfony\\Component\\Console\\Output\\ConsoleOutput))
#8 /Users/prasun/Desktop/UpWorks/Inspection/vendor/symfony/console/Application.php(171): Symfony\\Component\\Console\\Application->doRun(Object(Symfony\\Component\\Console\\Input\\ArgvInput), Object(Symfony\\Component\\Console\\Output\\ConsoleOutput))
#9 /Users/prasun/Desktop/UpWorks/Inspection/vendor/laravel/framework/src/Illuminate/Console/Application.php(94): Symfony\\Component\\Console\\Application->run(Object(Symfony\\Component\\Console\\Input\\ArgvInput), Object(Symfony\\Component\\Console\\Output\\ConsoleOutput))
#10 /Users/prasun/Desktop/UpWorks/Inspection/vendor/laravel/framework/src/Illuminate/Foundation/Console/Kernel.php(129): Illuminate\\Console\\Application->run(Object(Symfony\\Component\\Console\\Input\\ArgvInput), Object(Symfony\\Component\\Console\\Output\\ConsoleOutput))
#11 /Users/prasun/Desktop/UpWorks/Inspection/artisan(37): Illuminate\\Foundation\\Console\\Kernel->handle(Object(Symfony\\Component\\Console\\Input\\ArgvInput), Object(Symfony\\Component\\Console\\Output\\ConsoleOutput))
#12 {main}
"} 
[2021-12-31 16:41:44] local.ERROR: Command "add_status_company_id_to_users_table" is not defined. {"exception":"[object] (Symfony\\Component\\Console\\Exception\\CommandNotFoundException(code: 0): Command \"add_status_company_id_to_users_table\" is not defined. at /Users/prasun/Desktop/UpWorks/Inspection/vendor/symfony/console/Application.php:709)
[stacktrace]
#0 /Users/prasun/Desktop/UpWorks/Inspection/vendor/symfony/console/Application.php(259): Symfony\\Component\\Console\\Application->find('add_status_comp...')
#1 /Users/prasun/Desktop/UpWorks/Inspection/vendor/symfony/console/Application.php(171): Symfony\\Component\\Console\\Application->doRun(Object(Symfony\\Component\\Console\\Input\\ArgvInput), Object(Symfony\\Component\\Console\\Output\\ConsoleOutput))
#2 /Users/prasun/Desktop/UpWorks/Inspection/vendor/laravel/framework/src/Illuminate/Console/Application.php(94): Symfony\\Component\\Console\\Application->run(Object(Symfony\\Component\\Console\\Input\\ArgvInput), Object(Symfony\\Component\\Console\\Output\\ConsoleOutput))
#3 /Users/prasun/Desktop/UpWorks/Inspection/vendor/laravel/framework/src/Illuminate/Foundation/Console/Kernel.php(129): Illuminate\\Console\\Application->run(Object(Symfony\\Component\\Console\\Input\\ArgvInput), Object(Symfony\\Component\\Console\\Output\\ConsoleOutput))
#4 /Users/prasun/Desktop/UpWorks/Inspection/artisan(37): Illuminate\\Foundation\\Console\\Kernel->handle(Object(Symfony\\Component\\Console\\Input\\ArgvInput), Object(Symfony\\Component\\Console\\Output\\ConsoleOutput))
#5 {main}
"} 
[2021-12-31 16:42:00] local.ERROR: Command "make:migrate" is not defined.

Did you mean one of these?
    make:cast
    make:channel
    make:command
    make:component
    make:controller
    make:event
    make:exception
    make:export
    make:factory
    make:import
    make:job
    make:listener
    make:mail
    make:middleware
    make:migration
    make:model
    make:notification
    make:observer
    make:policy
    make:provider
    make:request
    make:resource
    make:rule
    make:seeder
    make:test
    make:transformer {"exception":"[object] (Symfony\\Component\\Console\\Exception\\CommandNotFoundException(code: 0): Command \"make:migrate\" is not defined.

Did you mean one of these?
    make:cast
    make:channel
    make:command
    make:component
    make:controller
    make:event
    make:exception
    make:export
    make:factory
    make:import
    make:job
    make:listener
    make:mail
    make:middleware
    make:migration
    make:model
    make:notification
    make:observer
    make:policy
    make:provider
    make:request
    make:resource
    make:rule
    make:seeder
    make:test
    make:transformer at /Users/prasun/Desktop/UpWorks/Inspection/vendor/symfony/console/Application.php:709)
[stacktrace]
#0 /Users/prasun/Desktop/UpWorks/Inspection/vendor/symfony/console/Application.php(259): Symfony\\Component\\Console\\Application->find('make:migrate')
#1 /Users/prasun/Desktop/UpWorks/Inspection/vendor/symfony/console/Application.php(171): Symfony\\Component\\Console\\Application->doRun(Object(Symfony\\Component\\Console\\Input\\ArgvInput), Object(Symfony\\Component\\Console\\Output\\ConsoleOutput))
#2 /Users/prasun/Desktop/UpWorks/Inspection/vendor/laravel/framework/src/Illuminate/Console/Application.php(94): Symfony\\Component\\Console\\Application->run(Object(Symfony\\Component\\Console\\Input\\ArgvInput), Object(Symfony\\Component\\Console\\Output\\ConsoleOutput))
#3 /Users/prasun/Desktop/UpWorks/Inspection/vendor/laravel/framework/src/Illuminate/Foundation/Console/Kernel.php(129): Illuminate\\Console\\Application->run(Object(Symfony\\Component\\Console\\Input\\ArgvInput), Object(Symfony\\Component\\Console\\Output\\ConsoleOutput))
#4 /Users/prasun/Desktop/UpWorks/Inspection/artisan(37): Illuminate\\Foundation\\Console\\Kernel->handle(Object(Symfony\\Component\\Console\\Input\\ArgvInput), Object(Symfony\\Component\\Console\\Output\\ConsoleOutput))
#5 {main}
"} 
[2022-01-14 19:00:09] local.ERROR: A CreateApplicationsTable class already exists. {"exception":"[object] (InvalidArgumentException(code: 0): A CreateApplicationsTable class already exists. at /Users/prasun/Desktop/UpWorks/Inspection/vendor/laravel/framework/src/Illuminate/Database/Migrations/MigrationCreator.php:102)
[stacktrace]
#0 /Users/prasun/Desktop/UpWorks/Inspection/vendor/laravel/framework/src/Illuminate/Database/Migrations/MigrationCreator.php(59): Illuminate\\Database\\Migrations\\MigrationCreator->ensureMigrationDoesntAlreadyExist('create_applicat...', '/Users/prasun/D...')
#1 /Users/prasun/Desktop/UpWorks/Inspection/vendor/laravel/framework/src/Illuminate/Database/Console/Migrations/MigrateMakeCommand.php(110): Illuminate\\Database\\Migrations\\MigrationCreator->create('create_applicat...', '/Users/prasun/D...', 'applications', true)
#2 /Users/prasun/Desktop/UpWorks/Inspection/vendor/laravel/framework/src/Illuminate/Database/Console/Migrations/MigrateMakeCommand.php(94): Illuminate\\Database\\Console\\Migrations\\MigrateMakeCommand->writeMigration('create_applicat...', 'applications', true)
#3 /Users/prasun/Desktop/UpWorks/Inspection/vendor/laravel/framework/src/Illuminate/Container/BoundMethod.php(36): Illuminate\\Database\\Console\\Migrations\\MigrateMakeCommand->handle()
#4 /Users/prasun/Desktop/UpWorks/Inspection/vendor/laravel/framework/src/Illuminate/Container/Util.php(40): Illuminate\\Container\\BoundMethod::Illuminate\\Container\\{closure}()
#5 /Users/prasun/Desktop/UpWorks/Inspection/vendor/laravel/framework/src/Illuminate/Container/BoundMethod.php(93): Illuminate\\Container\\Util::unwrapIfClosure(Object(Closure))
#6 /Users/prasun/Desktop/UpWorks/Inspection/vendor/laravel/framework/src/Illuminate/Container/BoundMethod.php(37): Illuminate\\Container\\BoundMethod::callBoundMethod(Object(Illuminate\\Foundation\\Application), Array, Object(Closure))
#7 /Users/prasun/Desktop/UpWorks/Inspection/vendor/laravel/framework/src/Illuminate/Container/Container.php(653): Illuminate\\Container\\BoundMethod::call(Object(Illuminate\\Foundation\\Application), Array, Array, NULL)
#8 /Users/prasun/Desktop/UpWorks/Inspection/vendor/laravel/framework/src/Illuminate/Console/Command.php(136): Illuminate\\Container\\Container->call(Array)
#9 /Users/prasun/Desktop/UpWorks/Inspection/vendor/symfony/console/Command/Command.php(298): Illuminate\\Console\\Command->execute(Object(Symfony\\Component\\Console\\Input\\ArgvInput), Object(Illuminate\\Console\\OutputStyle))
#10 /Users/prasun/Desktop/UpWorks/Inspection/vendor/laravel/framework/src/Illuminate/Console/Command.php(121): Symfony\\Component\\Console\\Command\\Command->run(Object(Symfony\\Component\\Console\\Input\\ArgvInput), Object(Illuminate\\Console\\OutputStyle))
#11 /Users/prasun/Desktop/UpWorks/Inspection/vendor/symfony/console/Application.php(1005): Illuminate\\Console\\Command->run(Object(Symfony\\Component\\Console\\Input\\ArgvInput), Object(Symfony\\Component\\Console\\Output\\ConsoleOutput))
#12 /Users/prasun/Desktop/UpWorks/Inspection/vendor/symfony/console/Application.php(299): Symfony\\Component\\Console\\Application->doRunCommand(Object(Illuminate\\Database\\Console\\Migrations\\MigrateMakeCommand), Object(Symfony\\Component\\Console\\Input\\ArgvInput), Object(Symfony\\Component\\Console\\Output\\ConsoleOutput))
#13 /Users/prasun/Desktop/UpWorks/Inspection/vendor/symfony/console/Application.php(171): Symfony\\Component\\Console\\Application->doRun(Object(Symfony\\Component\\Console\\Input\\ArgvInput), Object(Symfony\\Component\\Console\\Output\\ConsoleOutput))
#14 /Users/prasun/Desktop/UpWorks/Inspection/vendor/laravel/framework/src/Illuminate/Console/Application.php(94): Symfony\\Component\\Console\\Application->run(Object(Symfony\\Component\\Console\\Input\\ArgvInput), Object(Symfony\\Component\\Console\\Output\\ConsoleOutput))
#15 /Users/prasun/Desktop/UpWorks/Inspection/vendor/laravel/framework/src/Illuminate/Foundation/Console/Kernel.php(129): Illuminate\\Console\\Application->run(Object(Symfony\\Component\\Console\\Input\\ArgvInput), Object(Symfony\\Component\\Console\\Output\\ConsoleOutput))
#16 /Users/prasun/Desktop/UpWorks/Inspection/artisan(37): Illuminate\\Foundation\\Console\\Kernel->handle(Object(Symfony\\Component\\Console\\Input\\ArgvInput), Object(Symfony\\Component\\Console\\Output\\ConsoleOutput))
#17 {main}
"} 
